Traceback (most recent call last):
  File "/Users/bruno/dbt_testing/dbt_test/bin/airflow", line 8, in <module>
    sys.exit(main())
  File "/Users/bruno/dbt_testing/dbt_test/lib/python3.10/site-packages/airflow/__main__.py", line 62, in main
    args.func(args)
  File "/Users/bruno/dbt_testing/dbt_test/lib/python3.10/site-packages/airflow/cli/cli_config.py", line 49, in command
    return func(*args, **kwargs)
  File "/Users/bruno/dbt_testing/dbt_test/lib/python3.10/site-packages/airflow/utils/cli.py", line 116, in wrapper
    return f(*args, **kwargs)
  File "/Users/bruno/dbt_testing/dbt_test/lib/python3.10/site-packages/airflow/utils/providers_configuration_loader.py", line 55, in wrapped_function
    return func(*args, **kwargs)
  File "/Users/bruno/dbt_testing/dbt_test/lib/python3.10/site-packages/airflow/cli/commands/webserver_command.py", line 485, in webserver
    run_command_with_daemon_option(
  File "/Users/bruno/dbt_testing/dbt_test/lib/python3.10/site-packages/airflow/cli/commands/daemon_utils.py", line 81, in run_command_with_daemon_option
    callback()
  File "/Users/bruno/dbt_testing/dbt_test/lib/python3.10/site-packages/airflow/cli/commands/webserver_command.py", line 488, in <lambda>
    callback=lambda: start_and_monitor_gunicorn(args),
  File "/Users/bruno/dbt_testing/dbt_test/lib/python3.10/site-packages/airflow/cli/commands/webserver_command.py", line 472, in start_and_monitor_gunicorn
    monitor_gunicorn(gunicorn_master_proc)
  File "/Users/bruno/dbt_testing/dbt_test/lib/python3.10/site-packages/airflow/cli/commands/webserver_command.py", line 457, in monitor_gunicorn
    ).start()
  File "/Users/bruno/dbt_testing/dbt_test/lib/python3.10/site-packages/airflow/cli/commands/webserver_command.py", line 211, in start
    self._wait_until_true(
  File "/Users/bruno/dbt_testing/dbt_test/lib/python3.10/site-packages/airflow/cli/commands/webserver_command.py", line 157, in _wait_until_true
    while not fn():
  File "/Users/bruno/dbt_testing/dbt_test/lib/python3.10/site-packages/airflow/cli/commands/webserver_command.py", line 212, in <lambda>
    lambda: self.num_workers_expected == self._get_num_workers_running(),
  File "/Users/bruno/dbt_testing/dbt_test/lib/python3.10/site-packages/airflow/cli/commands/webserver_command.py", line 151, in _get_num_workers_running
    workers = psutil.Process(self.gunicorn_master_proc.pid).children()
  File "/Users/bruno/dbt_testing/dbt_test/lib/python3.10/site-packages/psutil/__init__.py", line 317, in __init__
    self._init(pid)
  File "/Users/bruno/dbt_testing/dbt_test/lib/python3.10/site-packages/psutil/__init__.py", line 363, in _init
    raise NoSuchProcess(pid, msg=msg) from None
psutil.NoSuchProcess: process PID not found (pid=49109)
